# JRE version: OpenJDK Runtime Environment (21.0.3) (build 21.0.3+-12282718-b509.11)
# Java VM: OpenJDK 64-Bit Server VM (21.0.3+-12282718-b509.11, mixed mode, tiered, compressed oops, compressed class ptrs, g1 gc, windows-amd64)
GC Precious Log:
 CardTable entry size: 512
 Card Set container configuration: InlinePtr #cards 5 size 8 Array Of Cards #cards 12 size 40 Howl #buckets 4 coarsen threshold 1843 Howl Bitmap #cards 512 size 80 coarsen threshold 460 Card regions per heap region 1 cards per card region 2048
 CPUs: 4 total, 4 available
 Memory: 8073M
 Large Page Support: Disabled
 NUMA Support: Disabled
 Compressed Oops: Enabled (32-bit)
 Heap Region Size: 1M
 Heap Min Capacity: 8M
 Heap Initial Capacity: 128M
 Heap Max Capacity: 2G
 Pre-touch: Disabled
 Parallel Workers: 4
 Concurrent Workers: 1
 Concurrent Refinement Workers: 4
 Periodic GC: Disabled
Heap:
 garbage-first heap   total 317440K, used 167073K [0x0000000080000000, 0x0000000100000000)
  region size 1024K, 1 young (1024K), 1 survivors (1024K)
 Metaspace       used 109548K, committed 114880K, reserved 1179648K
  class space    used 14406K, committed 16256K, reserved 1048576K
GC Heap History (20 events):
Event: 941.583 GC heap after
{Heap after GC invocations=59 (full 0):
 garbage-first heap   total 266240K, used 162640K [0x0000000080000000, 0x0000000100000000)
  region size 1024K, 8 young (8192K), 8 survivors (8192K)
 Metaspace       used 112417K, committed 114688K, reserved 1179648K
  class space    used 15111K, committed 16256K, reserved 1048576K
}
Event: 971.124 GC heap before
{Heap before GC invocations=59 (full 0):
 garbage-first heap   total 266240K, used 244560K [0x0000000080000000, 0x0000000100000000)
  region size 1024K, 88 young (90112K), 8 survivors (8192K)
 Metaspace       used 112418K, committed 114688K, reserved 1179648K
  class space    used 15111K, committed 16256K, reserved 1048576K
}
Event: 971.142 GC heap after
{Heap after GC invocations=60 (full 0):
 garbage-first heap   total 266240K, used 165515K [0x0000000080000000, 0x0000000100000000)
  region size 1024K, 8 young (8192K), 8 survivors (8192K)
 Metaspace       used 112418K, committed 114688K, reserved 1179648K
  class space    used 15111K, committed 16256K, reserved 1048576K
}
Event: 1013.007 GC heap before
{Heap before GC invocations=61 (full 0):
 garbage-first heap   total 317440K, used 241291K [0x0000000080000000, 0x0000000100000000)
  region size 1024K, 82 young (83968K), 8 survivors (8192K)
 Metaspace       used 112419K, committed 114688K, reserved 1179648K
  class space    used 15111K, committed 16256K, reserved 1048576K
}
Event: 1013.042 GC heap after
{Heap after GC invocations=62 (full 0):
 garbage-first heap   total 317440K, used 167207K [0x0000000080000000, 0x0000000100000000)
  region size 1024K, 7 young (7168K), 7 survivors (7168K)
 Metaspace       used 112419K, committed 114688K, reserved 1179648K
  class space    used 15111K, committed 16256K, reserved 1048576K
}
Event: 76592.556 GC heap before
{Heap before GC invocations=62 (full 0):
 garbage-first heap   total 317440K, used 287015K [0x0000000080000000, 0x0000000100000000)
  region size 1024K, 125 young (128000K), 7 survivors (7168K)
 Metaspace       used 112596K, committed 114880K, reserved 1179648K
  class space    used 15131K, committed 16256K, reserved 1048576K
}
Event: 76595.529 GC heap after
{Heap after GC invocations=63 (full 0):
 garbage-first heap   total 317440K, used 167757K [0x0000000080000000, 0x0000000100000000)
  region size 1024K, 8 young (8192K), 8 survivors (8192K)
 Metaspace       used 112596K, committed 114880K, reserved 1179648K
  class space    used 15131K, committed 16256K, reserved 1048576K
}
Event: 76599.690 GC heap before
{Heap before GC invocations=63 (full 0):
 garbage-first heap   total 317440K, used 174925K [0x0000000080000000, 0x0000000100000000)
  region size 1024K, 15 young (15360K), 8 survivors (8192K)
 Metaspace       used 112609K, committed 114880K, reserved 1179648K
  class space    used 15132K, committed 16256K, reserved 1048576K
}
Event: 76599.873 GC heap after
{Heap after GC invocations=64 (full 0):
 garbage-first heap   total 317440K, used 168025K [0x0000000080000000, 0x0000000100000000)
  region size 1024K, 1 young (1024K), 1 survivors (1024K)
 Metaspace       used 112609K, committed 114880K, reserved 1179648K
  class space    used 15132K, committed 16256K, reserved 1048576K
}
Event: 76831.167 GC heap before
{Heap before GC invocations=64 (full 0):
 garbage-first heap   total 317440K, used 182361K [0x0000000080000000, 0x0000000100000000)
  region size 1024K, 15 young (15360K), 1 survivors (1024K)
 Metaspace       used 109543K, committed 114880K, reserved 1179648K
  class space    used 14406K, committed 16256K, reserved 1048576K
}
Event: 76831.175 GC heap after
{Heap after GC invocations=65 (full 0):
 garbage-first heap   total 317440K, used 167253K [0x0000000080000000, 0x0000000100000000)
  region size 1024K, 1 young (1024K), 1 survivors (1024K)
 Metaspace       used 109543K, committed 114880K, reserved 1179648K
  class space    used 14406K, committed 16256K, reserved 1048576K
}
Event: 76833.012 GC heap before
{Heap before GC invocations=65 (full 0):
 garbage-first heap   total 317440K, used 181589K [0x0000000080000000, 0x0000000100000000)
  region size 1024K, 15 young (15360K), 1 survivors (1024K)
 Metaspace       used 109543K, committed 114880K, reserved 1179648K
  class space    used 14406K, committed 16256K, reserved 1048576K
}
Event: 76834.123 GC heap after
{Heap after GC invocations=66 (full 0):
 garbage-first heap   total 317440K, used 167086K [0x0000000080000000, 0x0000000100000000)
  region size 1024K, 1 young (1024K), 1 survivors (1024K)
 Metaspace       used 109543K, committed 114880K, reserved 1179648K
  class space    used 14406K, committed 16256K, reserved 1048576K
}
Event: 76834.772 GC heap before
{Heap before GC invocations=66 (full 0):
 garbage-first heap   total 317440K, used 181422K [0x0000000080000000, 0x0000000100000000)
  region size 1024K, 15 young (15360K), 1 survivors (1024K)
 Metaspace       used 109543K, committed 114880K, reserved 1179648K
  class space    used 14406K, committed 16256K, reserved 1048576K
}
Event: 76834.840 GC heap after
{Heap after GC invocations=67 (full 0):
 garbage-first heap   total 317440K, used 167038K [0x0000000080000000, 0x0000000100000000)
  region size 1024K, 1 young (1024K), 1 survivors (1024K)
 Metaspace       used 109543K, committed 114880K, reserved 1179648K
  class space    used 14406K, committed 16256K, reserved 1048576K
}
Event: 76838.305 GC heap before
{Heap before GC invocations=67 (full 0):
 garbage-first heap   total 317440K, used 181374K [0x0000000080000000, 0x0000000100000000)
  region size 1024K, 15 young (15360K), 1 survivors (1024K)
 Metaspace       used 109543K, committed 114880K, reserved 1179648K
  class space    used 14406K, committed 16256K, reserved 1048576K
}
Event: 76838.360 GC heap after
{Heap after GC invocations=68 (full 0):
 garbage-first heap   total 317440K, used 167017K [0x0000000080000000, 0x0000000100000000)
  region size 1024K, 1 young (1024K), 1 survivors (1024K)
 Metaspace       used 109543K, committed 114880K, reserved 1179648K
  class space    used 14406K, committed 16256K, reserved 1048576K
}
Event: 76840.230 GC heap before
{Heap before GC invocations=68 (full 0):
 garbage-first heap   total 317440K, used 229481K [0x0000000080000000, 0x0000000100000000)
  region size 1024K, 62 young (63488K), 1 survivors (1024K)
 Metaspace       used 109544K, committed 114880K, reserved 1179648K
  class space    used 14406K, committed 16256K, reserved 1048576K
}
Event: 76840.714 GC heap after
{Heap after GC invocations=69 (full 0):
 garbage-first heap   total 317440K, used 167019K [0x0000000080000000, 0x0000000100000000)
  region size 1024K, 1 young (1024K), 1 survivors (1024K)
 Metaspace       used 109544K, committed 114880K, reserved 1179648K
  class space    used 14406K, committed 16256K, reserved 1048576K
}
Event: 76844.259 GC heap before
{Heap before GC invocations=69 (full 0):
 garbage-first heap   total 317440K, used 298091K [0x0000000080000000, 0x0000000100000000)
  region size 1024K, 129 young (132096K), 1 survivors (1024K)
 Metaspace       used 109548K, committed 114880K, reserved 1179648K
  class space    used 14406K, committed 16256K, reserved 1048576K
}

